# JRE version: OpenJDK Runtime Environment (8.0_242-b01) (build 1.8.0_242-release-1644-b01)
# Java VM: OpenJDK 64-Bit Server VM (25.242-b01 mixed mode windows-amd64 compressed oops)
Heap:
 PSYoungGen      total 620544K, used 16432K [0x00000000d5580000, 0x0000000100000000, 0x0000000100000000)
  eden space 574976K, 0% used [0x00000000d5580000,0x00000000d5580000,0x00000000f8700000)
  from space 45568K, 36% used [0x00000000fd380000,0x00000000fe38c3d8,0x0000000100000000)
  to   space 61952K, 0% used [0x00000000f8700000,0x00000000f8700000,0x00000000fc380000)
 ParOldGen       total 272384K, used 252450K [0x0000000080000000, 0x0000000090a00000, 0x00000000d5580000)
  object space 272384K, 92% used [0x0000000080000000,0x000000008f688868,0x0000000090a00000)
 Metaspace       used 115934K, capacity 122482K, committed 122816K, reserved 1155072K
  class space    used 15038K, capacity 16273K, committed 16384K, reserved 1048576K
GC Heap History (10 events):
Event: 126.078 GC heap after
Heap after GC invocations=30 (full 4):
 PSYoungGen      total 591360K, used 19105K [0x00000000d5580000, 0x00000000fc300000, 0x0000000100000000)
  eden space 545792K, 0% used [0x00000000d5580000,0x00000000d5580000,0x00000000f6a80000)
  from space 45568K, 41% used [0x00000000f9480000,0x00000000fa7286f8,0x00000000fc100000)
  to   space 43008K, 0% used [0x00000000f6a80000,0x00000000f6a80000,0x00000000f9480000)
 ParOldGen       total 272384K, used 149744K [0x0000000080000000, 0x0000000090a00000, 0x00000000d5580000)
  object space 272384K, 54% used [0x0000000080000000,0x000000008923c098,0x0000000090a00000)
 Metaspace       used 113128K, capacity 119294K, committed 119360K, reserved 1153024K
  class space    used 14779K, capacity 15953K, committed 16000K, reserved 1048576K
}
Event: 129.075 GC heap before
{Heap before GC invocations=31 (full 4):
 PSYoungGen      total 591360K, used 564897K [0x00000000d5580000, 0x00000000fc300000, 0x0000000100000000)
  eden space 545792K, 100% used [0x00000000d5580000,0x00000000f6a80000,0x00000000f6a80000)
  from space 45568K, 41% used [0x00000000f9480000,0x00000000fa7286f8,0x00000000fc100000)
  to   space 43008K, 0% used [0x00000000f6a80000,0x00000000f6a80000,0x00000000f9480000)
 ParOldGen       total 272384K, used 151352K [0x0000000080000000, 0x0000000090a00000, 0x00000000d5580000)
  object space 272384K, 55% used [0x0000000080000000,0x00000000893ce098,0x0000000090a00000)
 Metaspace       used 113189K, capacity 119378K, committed 119616K, reserved 1153024K
  class space    used 14782K, capacity 15957K, committed 16000K, reserved 1048576K
Event: 129.187 GC heap after
Heap after GC invocations=31 (full 4):
 PSYoungGen      total 588800K, used 26181K [0x00000000d5580000, 0x00000000ffd80000, 0x0000000100000000)
  eden space 545792K, 0% used [0x00000000d5580000,0x00000000d5580000,0x00000000f6a80000)
  from space 43008K, 60% used [0x00000000f6a80000,0x00000000f8411468,0x00000000f9480000)
  to   space 43008K, 0% used [0x00000000fd380000,0x00000000fd380000,0x00000000ffd80000)
 ParOldGen       total 272384K, used 163235K [0x0000000080000000, 0x0000000090a00000, 0x00000000d5580000)
  object space 272384K, 59% used [0x0000000080000000,0x0000000089f68c38,0x0000000090a00000)
 Metaspace       used 113189K, capacity 119378K, committed 119616K, reserved 1153024K
  class space    used 14782K, capacity 15957K, committed 16000K, reserved 1048576K
}
Event: 135.830 GC heap before
{Heap before GC invocations=32 (full 4):
 PSYoungGen      total 588800K, used 571973K [0x00000000d5580000, 0x00000000ffd80000, 0x0000000100000000)
  eden space 545792K, 100% used [0x00000000d5580000,0x00000000f6a80000,0x00000000f6a80000)
  from space 43008K, 60% used [0x00000000f6a80000,0x00000000f8411468,0x00000000f9480000)
  to   space 43008K, 0% used [0x00000000fd380000,0x00000000fd380000,0x00000000ffd80000)
 ParOldGen       total 272384K, used 163237K [0x0000000080000000, 0x0000000090a00000, 0x00000000d5580000)
  object space 272384K, 59% used [0x0000000080000000,0x0000000089f69440,0x0000000090a00000)
 Metaspace       used 113212K, capacity 119382K, committed 119616K, reserved 1153024K
  class space    used 14782K, capacity 15957K, committed 16000K, reserved 1048576K
Event: 135.883 GC heap after
Heap after GC invocations=32 (full 4):
 PSYoungGen      total 653824K, used 11283K [0x00000000d5580000, 0x00000000fff00000, 0x0000000100000000)
  eden space 610816K, 0% used [0x00000000d5580000,0x00000000d5580000,0x00000000faa00000)
  from space 43008K, 26% used [0x00000000fd380000,0x00000000fde84cd0,0x00000000ffd80000)
  to   space 42496K, 0% used [0x00000000faa00000,0x00000000faa00000,0x00000000fd380000)
 ParOldGen       total 272384K, used 176834K [0x0000000080000000, 0x0000000090a00000, 0x00000000d5580000)
  object space 272384K, 64% used [0x0000000080000000,0x000000008acb0860,0x0000000090a00000)
 Metaspace       used 113212K, capacity 119382K, committed 119616K, reserved 1153024K
  class space    used 14782K, capacity 15957K, committed 16000K, reserved 1048576K
}
Event: 146.740 GC heap before
{Heap before GC invocations=33 (full 4):
 PSYoungGen      total 653824K, used 621940K [0x00000000d5580000, 0x00000000fff00000, 0x0000000100000000)
  eden space 610816K, 99% used [0x00000000d5580000,0x00000000fa9d8390,0x00000000faa00000)
  from space 43008K, 26% used [0x00000000fd380000,0x00000000fde84cd0,0x00000000ffd80000)
  to   space 42496K, 0% used [0x00000000faa00000,0x00000000faa00000,0x00000000fd380000)
 ParOldGen       total 272384K, used 176834K [0x0000000080000000, 0x0000000090a00000, 0x00000000d5580000)
  object space 272384K, 64% used [0x0000000080000000,0x000000008acb0860,0x0000000090a00000)
 Metaspace       used 114018K, capacity 120280K, committed 120512K, reserved 1153024K
  class space    used 14858K, capacity 16046K, committed 16128K, reserved 1048576K
Event: 146.851 GC heap after
Heap after GC invocations=33 (full 4):
 PSYoungGen      total 653312K, used 42479K [0x00000000d5580000, 0x0000000100000000, 0x0000000100000000)
  eden space 610816K, 0% used [0x00000000d5580000,0x00000000d5580000,0x00000000faa00000)
  from space 42496K, 99% used [0x00000000faa00000,0x00000000fd37beb8,0x00000000fd380000)
  to   space 45568K, 0% used [0x00000000fd380000,0x00000000fd380000,0x0000000100000000)
 ParOldGen       total 272384K, used 218800K [0x0000000080000000, 0x0000000090a00000, 0x00000000d5580000)
  object space 272384K, 80% used [0x0000000080000000,0x000000008d5ac118,0x0000000090a00000)
 Metaspace       used 114018K, capacity 120280K, committed 120512K, reserved 1153024K
  class space    used 14858K, capacity 16046K, committed 16128K, reserved 1048576K
}
Event: 5011.628 GC heap before
{Heap before GC invocations=34 (full 4):
 PSYoungGen      total 653312K, used 653295K [0x00000000d5580000, 0x0000000100000000, 0x0000000100000000)
  eden space 610816K, 100% used [0x00000000d5580000,0x00000000faa00000,0x00000000faa00000)
  from space 42496K, 99% used [0x00000000faa00000,0x00000000fd37beb8,0x00000000fd380000)
  to   space 45568K, 0% used [0x00000000fd380000,0x00000000fd380000,0x0000000100000000)
 ParOldGen       total 272384K, used 218800K [0x0000000080000000, 0x0000000090a00000, 0x00000000d5580000)
  object space 272384K, 80% used [0x0000000080000000,0x000000008d5ac118,0x0000000090a00000)
 Metaspace       used 115934K, capacity 122482K, committed 122816K, reserved 1155072K
  class space    used 15038K, capacity 16273K, committed 16384K, reserved 1048576K
Event: 5011.698 GC heap after
Heap after GC invocations=34 (full 4):
 PSYoungGen      total 620544K, used 16432K [0x00000000d5580000, 0x0000000100000000, 0x0000000100000000)
  eden space 574976K, 0% used [0x00000000d5580000,0x00000000d5580000,0x00000000f8700000)
  from space 45568K, 36% used [0x00000000fd380000,0x00000000fe38c3d8,0x0000000100000000)
  to   space 61952K, 0% used [0x00000000f8700000,0x00000000f8700000,0x00000000fc380000)
 ParOldGen       total 272384K, used 252450K [0x0000000080000000, 0x0000000090a00000, 0x00000000d5580000)
  object space 272384K, 92% used [0x0000000080000000,0x000000008f688868,0x0000000090a00000)
 Metaspace       used 115934K, capacity 122482K, committed 122816K, reserved 1155072K
  class space    used 15038K, capacity 16273K, committed 16384K, reserved 1048576K
}
Event: 5011.699 GC heap before
{Heap before GC invocations=35 (full 5):
 PSYoungGen      total 620544K, used 16432K [0x00000000d5580000, 0x0000000100000000, 0x0000000100000000)
  eden space 574976K, 0% used [0x00000000d5580000,0x00000000d5580000,0x00000000f8700000)
  from space 45568K, 36% used [0x00000000fd380000,0x00000000fe38c3d8,0x0000000100000000)
  to   space 61952K, 0% used [0x00000000f8700000,0x00000000f8700000,0x00000000fc380000)
 ParOldGen       total 272384K, used 252450K [0x0000000080000000, 0x0000000090a00000, 0x00000000d5580000)
  object space 272384K, 92% used [0x0000000080000000,0x000000008f688868,0x0000000090a00000)
 Metaspace       used 115934K, capacity 122482K, committed 122816K, reserved 1155072K
  class space    used 15038K, capacity 16273K, committed 16384K, reserved 1048576K

